2024-10-09 21:52:15,510 - INFO - No author file found at authors.txt. Starting with an empty list.
2024-10-09 21:54:38,703 - INFO - No author file found at authors.txt. Starting with an empty list.
2024-10-09 21:54:45,781 - INFO - Exiting application.
2024-10-09 21:54:48,557 - INFO - No author file found at authors.txt. Starting with an empty list.
2024-10-09 21:54:49,382 - INFO - Restarting application.
2024-10-09 21:54:49,497 - INFO - No author file found at authors.txt. Starting with an empty list.
2024-10-10 00:15:54,262 - INFO - No author file found at authors.txt. Starting with an empty list.
2024-10-10 00:16:02,237 - INFO - Saved authors to authors.txt
2024-10-10 00:16:02,237 - INFO - Added new author: Ross
2024-10-10 00:16:07,284 - INFO - Exiting application.
2024-10-10 00:16:14,783 - INFO - Loaded authors from authors.txt
2024-10-10 00:16:25,180 - INFO - Saved authors to authors.txt
2024-10-10 00:16:25,181 - INFO - Added new author: Boss
2024-10-10 00:18:55,081 - INFO - Loaded authors from authors.txt
2024-10-10 00:19:03,553 - INFO - Double-clicked on directory: C:/1MYPROG\AutoName\test_images
2024-10-10 00:19:04,274 - INFO - Double-clicked on directory: C:/1MYPROG\AutoName\test_images
2024-10-10 00:19:05,955 - INFO - Double-clicked on directory: C:/1MYPROG\AutoName\test_images
2024-10-10 00:19:06,140 - INFO - Double-clicked on directory: C:/1MYPROG\AutoName\test_images
2024-10-10 00:19:14,613 - INFO - Renaming images in C:/1MYPROG\AutoName\test_images by Ross
2024-10-10 00:19:15,640 - INFO - Renaming completed successfully.
2024-10-10 00:19:20,643 - INFO - Renaming images in C:/1MYPROG\AutoName\test_images by folder name and Ross
2024-10-10 00:19:21,354 - INFO - Renaming by folder name completed successfully.
2024-10-10 00:19:35,796 - INFO - Double-clicked on directory: C:/1MYPROG\AutoName
2024-10-10 00:19:35,796 - INFO - Renaming images in C:/1MYPROG\AutoName by Ross
2024-10-10 00:19:37,825 - INFO - Renaming completed successfully.
2024-10-10 00:19:49,386 - INFO - Double-clicked on directory: C:/1MYPROG\AutoName\test_images
2024-10-10 00:19:49,386 - INFO - Renaming images in C:/1MYPROG\AutoName\test_images by Ross
2024-10-10 00:19:50,297 - INFO - Renaming completed successfully.
2024-10-10 00:20:02,173 - ERROR - Invalid directory path entered: 
2024-10-10 00:20:02,879 - INFO - Exiting application.
2024-10-10 00:53:41,547 - INFO - Loaded authors from authors.txt
2024-10-10 00:53:44,815 - INFO - Double-clicked on directory: C:/
2024-10-10 00:53:56,751 - INFO - Renaming images in C:/1MYPROG\AutoName\test_images by character names and Boss
2024-10-10 00:53:56,752 - INFO - Some files could not be renamed because no matching character names were found:

test_images by Ross 1 by Ross.gif
test_images by Ross 2 by Ross.jpg
test_images by Ross 3 by Ross.jpg
2024-10-10 00:54:20,613 - INFO - Restarting application.
2024-10-10 00:54:20,730 - INFO - Loaded authors from authors.txt
2024-10-10 00:54:49,860 - INFO - Loaded authors from authors.txt
2024-10-10 00:54:53,779 - INFO - Double-clicked on directory: C:/1MYPROG
2024-10-10 00:55:02,655 - INFO - Renaming images in C:/1MYPROG\AutoName\test_images by character names and Boss
2024-10-10 00:55:12,738 - ERROR - Error renaming images by character names: [WinError 183] Cannot create a file when that file already exists: 'C:/1MYPROG\\AutoName\\test_images\\Alejandra by Boss copy 2.jpg' -> 'C:/1MYPROG\\AutoName\\test_images\\Alejandra by Boss.jpg'
2024-10-10 00:55:15,458 - INFO - Renaming images in C:/1MYPROG\AutoName\test_images by character names and Boss
2024-10-10 00:55:32,876 - ERROR - Error renaming images by character names: [WinError 183] Cannot create a file when that file already exists: 'C:/1MYPROG\\AutoName\\test_images\\Alejandra by Boss copy 2.jpg' -> 'C:/1MYPROG\\AutoName\\test_images\\Alejandra by Boss.jpg'
2024-10-10 00:57:38,179 - INFO - Loaded authors from authors.txt
2024-10-10 00:57:50,650 - INFO - Renaming images in C:/1MYPROG\AutoName\test_images by character names and Boss
2024-10-10 00:57:50,652 - INFO - Some files could not be renamed because no matching character names were found or an error occurred:

test_images by Ross 1 by Ross.gif
test_images by Ross 2 by Ross.jpg
test_images by Ross 3 by Ross.jpg
2024-10-10 01:05:09,660 - INFO - Loaded authors from authors.txt
2024-10-10 01:05:30,989 - INFO - Renaming images in C:/1MYPROG\AutoName\test_images by folder name and Boss
2024-10-10 01:05:32,634 - INFO - Renaming by folder name completed successfully.
2024-10-10 01:05:39,089 - INFO - Renaming images in C:/1MYPROG\AutoName\test_images by Boss
2024-10-10 01:05:39,878 - INFO - Renaming completed successfully.
2024-10-10 01:05:41,458 - INFO - Renaming images in C:/1MYPROG\AutoName\test_images by character names and Boss
2024-10-10 01:05:41,458 - INFO - Some files could not be renamed because no matching character names were found or an error occurred:

test_images by Boss 1 by Boss.jpg
test_images by Boss 2 by Boss.jpg
test_images by Boss 3 by Boss.jpg
test_images by Boss 4 by Boss.jpg
test_images by Boss 5 by Boss.gif
test_images by Boss 6 by Boss.jpg
test_images by Boss 7 by Boss.jpg
2024-10-10 01:06:50,895 - INFO - Loaded authors from authors.txt
2024-10-10 01:07:01,935 - INFO - Renaming images in C:/1MYPROG\AutoName\test_images by character names and Boss
2024-10-10 01:07:01,937 - INFO - Some files could not be renamed because no matching character names were found or an error occurred:

test_images by Boss 1 by Boss.jpg
test_images by Boss 2 by Boss.jpg
test_images by Boss 4 by Boss.jpg
test_images by Boss 6 by Boss.jpg
2024-10-10 01:07:21,675 - INFO - Renaming images in C:/1MYPROG\AutoName\test_images by Boss
2024-10-10 01:07:22,382 - INFO - Renaming completed successfully.
2024-10-10 01:07:24,930 - INFO - Renaming images in C:/1MYPROG\AutoName\test_images by Boss
2024-10-10 01:07:25,667 - INFO - Renaming completed successfully.
2024-10-10 01:07:28,913 - INFO - Renaming images in C:/1MYPROG\AutoName\test_images by character names and Boss
2024-10-10 01:07:28,915 - INFO - Some files could not be renamed because no matching character names were found or an error occurred:

test_images by Boss 1 by Boss by Boss by Boss.jpg
test_images by Boss 2 by Boss by Boss by Boss.jpg
test_images by Boss 4 by Boss by Boss by Boss.jpg
test_images by Boss 6 by Boss by Boss by Boss.jpg
2024-10-10 01:07:34,749 - INFO - Renaming images in C:/1MYPROG\AutoName\test_images by folder name and Boss
2024-10-10 01:07:35,591 - INFO - Renaming by folder name completed successfully.
2024-10-10 01:10:51,623 - INFO - Loaded authors from authors.txt
2024-10-10 01:11:09,741 - INFO - Renaming images in C:/1MYPROG\AutoName\test_images by Boss
2024-10-10 01:11:23,416 - INFO - Renaming completed successfully.
2024-10-10 01:11:29,768 - INFO - Double-clicked on directory: C:/1MYPROG\AutoName\test_images
2024-10-10 01:11:29,769 - INFO - Renaming images in C:/1MYPROG\AutoName\test_images by Boss
2024-10-10 01:11:30,567 - INFO - Renaming completed successfully.
2024-10-10 01:11:35,413 - INFO - Renaming images in C:/1MYPROG\AutoName\test_images by character names and Boss
2024-10-10 01:11:35,415 - INFO - Some files could not be renamed because no matching character names were found or an error occurred:

test_images by Boss 4 by Boss by Boss.jpg
test_images by Boss 5 by Boss by Boss.jpg
test_images by Boss 6 by Boss by Boss.jpg
test_images by Boss 7 by Boss by Boss.jpg
2024-10-10 01:16:57,031 - INFO - Loaded authors from authors.txt
2024-10-10 01:17:01,336 - INFO - Loaded authors from authors.txt
2024-10-10 01:17:05,464 - INFO - Loaded authors from authors.txt
2024-10-10 01:17:18,724 - INFO - Renaming images in C:/1MYPROG\AutoName\test_images by character names and Ross
2024-10-10 01:17:18,726 - INFO - Some files could not be renamed because no matching character names were found or an error occurred:

test_images by Boss 4 by Boss by Boss.jpg
test_images by Boss 5 by Boss by Boss.jpg
test_images by Boss 6 by Boss by Boss.jpg
test_images by Boss 7 by Boss by Boss.jpg
2024-10-10 01:17:44,727 - INFO - Renaming images in C:/1MYPROG\AutoName\test_images by folder name and Ross
2024-10-10 01:17:45,432 - INFO - Renaming by folder name completed successfully.
2024-10-10 01:17:47,998 - INFO - Renaming images in C:/1MYPROG\AutoName\test_images by character names and Ross
2024-10-10 01:17:47,998 - INFO - Some files could not be renamed because no matching character names were found or an error occurred:

test_images by Ross 1.jpg
test_images by Ross 2.jpg
test_images by Ross 3.gif
test_images by Ross 4.jpg
test_images by Ross 5.jpg
test_images by Ross 6.jpg
test_images by Ross 7.jpg
2024-10-10 01:17:50,015 - INFO - Renaming images in C:/1MYPROG\AutoName\test_images by Ross
2024-10-10 01:17:50,719 - INFO - Renaming completed successfully.
2024-10-10 01:17:52,430 - INFO - Renaming images in C:/1MYPROG\AutoName\test_images by folder name and Ross
2024-10-10 01:17:53,156 - INFO - Renaming by folder name completed successfully.
2024-10-10 01:22:49,989 - INFO - Loaded authors from authors.txt
2024-10-10 01:23:07,421 - INFO - Renaming images in C:/1MYPROG\AutoName\test_images by character names and Boss
2024-10-10 01:23:07,423 - INFO - Some files could not be renamed because no matching character names were found or an error occurred:

test_images by Boss 4.jpg
test_images by Boss 5.jpg
test_images by Boss 6.jpg
test_images by Boss 7.jpg
2024-10-10 01:29:25,605 - INFO - Loaded authors from authors.txt
2024-10-10 01:30:25,116 - INFO - Loaded authors from authors.txt
2024-10-10 01:32:54,261 - INFO - Loaded authors from authors.txt
2024-10-10 21:27:02,956 - INFO - Loaded authors from authors.txt
2024-10-10 21:27:17,194 - INFO - Renaming images in C:/1MYPROG\AutoName\test_images by Boss
2024-10-10 21:27:18,250 - INFO - Renaming completed successfully.
2024-10-10 21:27:26,268 - INFO - Renaming images in C:/1MYPROG\AutoName\test_images by character names and Boss
2024-10-10 21:27:26,269 - INFO - Renamed 'C:/1MYPROG\AutoName\test_images\Abigail by Boss (1) by Boss.jpg' to 'C:/1MYPROG\AutoName\test_images\Abigail by Boss.jpg'
2024-10-10 21:27:26,269 - INFO - Renamed 'C:/1MYPROG\AutoName\test_images\Abigail by Boss by Boss.jpg' to 'C:/1MYPROG\AutoName\test_images\Abigail by Boss 1.jpg'
2024-10-10 21:27:26,270 - INFO - Renamed 'C:/1MYPROG\AutoName\test_images\Charlie by Boss by Boss.gif' to 'C:/1MYPROG\AutoName\test_images\Charlie by Boss.gif'
2024-10-10 21:27:26,270 - INFO - Some files could not be renamed because no matching character names were found or an error occurred:

test_images by Boss 4 by Boss.jpg
test_images by Boss 5 by Boss.jpg
test_images by Boss 6 by Boss.jpg
test_images by Boss 7 by Boss.jpg
2024-10-10 23:44:28,775 - INFO - Loaded authors from authors.txt
2024-10-10 23:44:40,363 - INFO - Renaming images in C:/1MYPROG\AutoName\test_images by character names and Boss
2024-10-10 23:44:40,364 - INFO - Renamed 'C:/1MYPROG\AutoName\test_images\Abigail by Boss 1.jpg' to 'C:/1MYPROG\AutoName\test_images\Abigail by Boss 2.jpg'
2024-10-10 23:44:40,365 - INFO - Renamed 'C:/1MYPROG\AutoName\test_images\Abigail by Boss.jpg' to 'C:/1MYPROG\AutoName\test_images\Abigail by Boss 1.jpg'
2024-10-10 23:44:40,365 - INFO - Renamed 'C:/1MYPROG\AutoName\test_images\Charlie by Boss.gif' to 'C:/1MYPROG\AutoName\test_images\Charlie by Boss 1.gif'
2024-10-10 23:44:40,365 - INFO - Some files could not be renamed because no matching character names were found or an error occurred:

test_images by Boss 4 by Boss.jpg
test_images by Boss 5 by Boss.jpg
test_images by Boss 6 by Boss.jpg
test_images by Boss 7 by Boss.jpg
2024-10-10 23:44:47,314 - INFO - Renaming images in C:/1MYPROG\AutoName\test_images by Boss
2024-10-10 23:44:47,315 - INFO - Renamed 'C:/1MYPROG\AutoName\test_images\Abigail by Boss 1.jpg' to 'C:/1MYPROG\AutoName\test_images\Abigail by Boss 1 by Boss.jpg'
2024-10-10 23:44:47,316 - INFO - Renamed 'C:/1MYPROG\AutoName\test_images\Abigail by Boss 2.jpg' to 'C:/1MYPROG\AutoName\test_images\Abigail by Boss 2 by Boss.jpg'
2024-10-10 23:44:47,316 - INFO - Renamed 'C:/1MYPROG\AutoName\test_images\Charlie by Boss 1.gif' to 'C:/1MYPROG\AutoName\test_images\Charlie by Boss 1 by Boss.gif'
2024-10-10 23:44:47,317 - INFO - Renamed 'C:/1MYPROG\AutoName\test_images\test_images by Boss 4 by Boss.jpg' to 'C:/1MYPROG\AutoName\test_images\test_images by Boss 4 by Boss by Boss.jpg'
2024-10-10 23:44:47,318 - INFO - Renamed 'C:/1MYPROG\AutoName\test_images\test_images by Boss 5 by Boss.jpg' to 'C:/1MYPROG\AutoName\test_images\test_images by Boss 5 by Boss by Boss.jpg'
2024-10-10 23:44:47,318 - INFO - Renamed 'C:/1MYPROG\AutoName\test_images\test_images by Boss 6 by Boss.jpg' to 'C:/1MYPROG\AutoName\test_images\test_images by Boss 6 by Boss by Boss.jpg'
2024-10-10 23:44:47,319 - INFO - Renamed 'C:/1MYPROG\AutoName\test_images\test_images by Boss 7 by Boss.jpg' to 'C:/1MYPROG\AutoName\test_images\test_images by Boss 7 by Boss by Boss.jpg'
2024-10-10 23:44:50,889 - INFO - Renaming completed successfully.
2024-10-11 00:37:01,476 - INFO - Loaded authors from authors.txt
2024-10-11 00:37:04,566 - INFO - Double-clicked on directory: C:/1MYPROG
2024-10-11 00:37:13,353 - INFO - Renaming images in C:/1MYPROG\AutoName\test_images by character names and Ross
2024-10-11 00:37:13,353 - INFO - Renamed 'C:/1MYPROG\AutoName\test_images\Abigail by Boss 1 by Boss.jpg' to 'C:/1MYPROG\AutoName\test_images\Abigail by Ross.jpg'
2024-10-11 00:37:13,354 - INFO - Renamed 'C:/1MYPROG\AutoName\test_images\Abigail by Boss 2 by Boss.jpg' to 'C:/1MYPROG\AutoName\test_images\Abigail by Ross 1.jpg'
2024-10-11 00:37:13,354 - INFO - Renamed 'C:/1MYPROG\AutoName\test_images\Charlie by Boss 1 by Boss.gif' to 'C:/1MYPROG\AutoName\test_images\Charlie by Ross.gif'
2024-10-11 00:37:13,355 - INFO - Some files could not be renamed because no matching character names were found or an error occurred:

test_images by Boss 4 by Boss by Boss.jpg
test_images by Boss 5 by Boss by Boss.jpg
test_images by Boss 6 by Boss by Boss.jpg
test_images by Boss 7 by Boss by Boss.jpg
2024-10-11 00:37:19,563 - INFO - Renaming images in C:/1MYPROG\AutoName\test_images by Ross
2024-10-11 00:37:19,563 - INFO - Skipping 'Abigail by Ross 1.jpg' as it already contains 'by Ross'
2024-10-11 00:37:19,563 - INFO - Skipping 'Abigail by Ross.jpg' as it already contains 'by Ross'
2024-10-11 00:37:19,563 - INFO - Skipping 'Charlie by Ross.gif' as it already contains 'by Ross'
2024-10-11 00:37:19,564 - INFO - Renamed 'C:/1MYPROG\AutoName\test_images\test_images by Boss 4 by Boss by Boss.jpg' to 'C:/1MYPROG\AutoName\test_images\test_images by Boss 4 by Boss by Boss by Ross.jpg'
2024-10-11 00:37:19,564 - INFO - Renamed 'C:/1MYPROG\AutoName\test_images\test_images by Boss 5 by Boss by Boss.jpg' to 'C:/1MYPROG\AutoName\test_images\test_images by Boss 5 by Boss by Boss by Ross.jpg'
2024-10-11 00:37:19,565 - INFO - Renamed 'C:/1MYPROG\AutoName\test_images\test_images by Boss 6 by Boss by Boss.jpg' to 'C:/1MYPROG\AutoName\test_images\test_images by Boss 6 by Boss by Boss by Ross.jpg'
2024-10-11 00:37:19,565 - INFO - Renamed 'C:/1MYPROG\AutoName\test_images\test_images by Boss 7 by Boss by Boss.jpg' to 'C:/1MYPROG\AutoName\test_images\test_images by Boss 7 by Boss by Boss by Ross.jpg'
2024-10-11 00:37:22,236 - INFO - The following files were skipped as they already contain the author name:
Abigail by Ross 1.jpg
Abigail by Ross.jpg
Charlie by Ross.gif
2024-10-11 00:37:23,122 - INFO - Renaming completed successfully.
2024-10-11 14:43:48,584 - INFO - Loaded authors from authors.txt
2024-10-11 14:43:54,369 - INFO - Double-clicked on directory: D:/
2024-10-11 14:43:54,369 - INFO - Renaming images in D:/ by Boss
2024-10-11 14:43:55,565 - INFO - Renaming completed successfully.
2024-10-11 14:44:35,704 - INFO - Renaming images in C:/1MYPROG\AutoName\test_images by character names and Boss
2024-10-11 14:44:35,706 - INFO - Renamed 'C:/1MYPROG\AutoName\test_images\Abigail by Ross 1.jpg' to 'C:/1MYPROG\AutoName\test_images\Abigail by Boss.jpg'
2024-10-11 14:44:35,706 - INFO - Renamed 'C:/1MYPROG\AutoName\test_images\Abigail by Ross.jpg' to 'C:/1MYPROG\AutoName\test_images\Abigail by Boss 1.jpg'
2024-10-11 14:44:35,707 - INFO - Renamed 'C:/1MYPROG\AutoName\test_images\Charlie by Ross.gif' to 'C:/1MYPROG\AutoName\test_images\Charlie by Boss.gif'
2024-10-11 14:44:35,707 - INFO - Some files could not be renamed because no matching character names were found or an error occurred:

test_images by Boss 4 by Boss by Boss by Ross.jpg
test_images by Boss 5 by Boss by Boss by Ross.jpg
test_images by Boss 6 by Boss by Boss by Ross.jpg
test_images by Boss 7 by Boss by Boss by Ross.jpg
2024-10-11 14:44:51,558 - INFO - Loaded authors from authors.txt
2024-10-11 14:45:00,085 - INFO - Saved authors to authors.txt
2024-10-11 14:45:00,085 - INFO - Added new author: Tross
2024-10-11 14:45:00,085 - INFO - Saved last author: Tross
2024-10-11 14:45:07,813 - INFO - Renaming images in C:/1MYPROG\AutoName\test_images by character names and Tross
2024-10-11 14:45:07,813 - INFO - Renamed 'C:/1MYPROG\AutoName\test_images\Abigail by Boss 1.jpg' to 'C:/1MYPROG\AutoName\test_images\Abigail by Tross.jpg'
2024-10-11 14:45:07,814 - INFO - Renamed 'C:/1MYPROG\AutoName\test_images\Abigail by Boss.jpg' to 'C:/1MYPROG\AutoName\test_images\Abigail by Tross 1.jpg'
2024-10-11 14:45:07,814 - INFO - Renamed 'C:/1MYPROG\AutoName\test_images\Charlie by Boss.gif' to 'C:/1MYPROG\AutoName\test_images\Charlie by Tross.gif'
2024-10-11 14:45:07,815 - INFO - Some files could not be renamed because no matching character names were found or an error occurred:

test_images by Boss 4 by Boss by Boss by Ross.jpg
test_images by Boss 5 by Boss by Boss by Ross.jpg
test_images by Boss 6 by Boss by Boss by Ross.jpg
test_images by Boss 7 by Boss by Boss by Ross.jpg
2024-10-11 14:45:31,350 - INFO - Loaded authors from authors.txt
2024-10-11 14:45:31,365 - INFO - Loaded last author: Tross
2024-10-11 15:15:57,474 - INFO - Loaded authors from authors.txt
2024-10-11 15:16:12,421 - INFO - Renaming images in C:/1MYPROG\AutoName\test_images by character names and Tross
2024-10-11 15:16:12,422 - INFO - Renamed 'C:/1MYPROG\AutoName\test_images\Abigail by Tross 1.jpg' to 'C:/1MYPROG\AutoName\test_images\Abigail by Tross 2.jpg'
2024-10-11 15:16:12,423 - INFO - Renamed 'C:/1MYPROG\AutoName\test_images\Abigail by Tross.jpg' to 'C:/1MYPROG\AutoName\test_images\Abigail by Tross 1.jpg'
2024-10-11 15:16:12,423 - INFO - Renamed 'C:/1MYPROG\AutoName\test_images\Charlie by Tross.gif' to 'C:/1MYPROG\AutoName\test_images\Charlie by Tross 1.gif'
2024-10-11 15:16:12,423 - INFO - Some files could not be renamed because no matching character names were found or an error occurred:

test_images by Boss 4 by Boss by Boss by Ross.jpg
test_images by Boss 5 by Boss by Boss by Ross.jpg
test_images by Boss 6 by Boss by Boss by Ross.jpg
test_images by Boss 7 by Boss by Boss by Ross.jpg
2024-10-11 15:16:17,874 - INFO - Renaming images in C:/1MYPROG\AutoName\test_images by character names and Boss
2024-10-11 15:16:17,874 - INFO - Renamed 'C:/1MYPROG\AutoName\test_images\Abigail by Tross 1.jpg' to 'C:/1MYPROG\AutoName\test_images\Abigail by Boss.jpg'
2024-10-11 15:16:17,875 - INFO - Renamed 'C:/1MYPROG\AutoName\test_images\Abigail by Tross 2.jpg' to 'C:/1MYPROG\AutoName\test_images\Abigail by Boss 1.jpg'
2024-10-11 15:16:17,875 - INFO - Renamed 'C:/1MYPROG\AutoName\test_images\Charlie by Tross 1.gif' to 'C:/1MYPROG\AutoName\test_images\Charlie by Boss.gif'
2024-10-11 15:16:17,876 - INFO - Some files could not be renamed because no matching character names were found or an error occurred:

test_images by Boss 4 by Boss by Boss by Ross.jpg
test_images by Boss 5 by Boss by Boss by Ross.jpg
test_images by Boss 6 by Boss by Boss by Ross.jpg
test_images by Boss 7 by Boss by Boss by Ross.jpg
2024-10-11 15:16:37,153 - INFO - Loaded authors from authors.txt
2024-10-11 15:21:34,992 - INFO - Loaded authors from authors.txt
2024-10-11 15:21:43,243 - INFO - Renaming images in C:/1MYPROG\AutoName\test_images by character names and Ross
2024-10-11 15:21:43,243 - INFO - Renamed 'C:/1MYPROG\AutoName\test_images\Abigail by Boss 1.jpg' to 'C:/1MYPROG\AutoName\test_images\Abigail by Ross.jpg'
2024-10-11 15:21:43,244 - INFO - Renamed 'C:/1MYPROG\AutoName\test_images\Abigail by Boss.jpg' to 'C:/1MYPROG\AutoName\test_images\Abigail by Ross 1.jpg'
2024-10-11 15:21:43,244 - INFO - Renamed 'C:/1MYPROG\AutoName\test_images\Charlie by Boss.gif' to 'C:/1MYPROG\AutoName\test_images\Charlie by Ross.gif'
2024-10-11 15:21:43,245 - INFO - Some files could not be renamed because no matching character names were found or an error occurred:

test_images by Boss 4 by Boss by Boss by Ross.jpg
test_images by Boss 5 by Boss by Boss by Ross.jpg
test_images by Boss 6 by Boss by Boss by Ross.jpg
test_images by Boss 7 by Boss by Boss by Ross.jpg
2024-10-11 15:21:48,330 - INFO - Loaded authors from authors.txt
2024-10-11 15:25:51,019 - INFO - Loaded authors from authors.txt
2024-10-11 15:25:51,027 - INFO - Saved authors to authors.txt
2024-10-11 15:25:51,027 - INFO - Loaded last author from config: YourAuthorName
2024-10-11 15:27:56,660 - INFO - Loaded authors from authors.txt
2024-10-11 15:27:56,670 - INFO - Loaded last author from config: YourAuthorName
2024-10-11 15:28:05,557 - INFO - Double-clicked on directory: C:/
2024-10-11 15:28:05,558 - INFO - Renaming images in C:/ by Boss
2024-10-11 15:28:06,773 - INFO - Renaming completed successfully.
2024-10-11 15:28:10,400 - INFO - Renaming images in C:/1MYPROG\AutoName\test_images by character names and Boss
2024-10-11 15:28:10,400 - INFO - Renamed 'C:/1MYPROG\AutoName\test_images\Abigail by Ross 1.jpg' to 'C:/1MYPROG\AutoName\test_images\Abigail by Boss.jpg'
2024-10-11 15:28:10,401 - INFO - Renamed 'C:/1MYPROG\AutoName\test_images\Abigail by Ross.jpg' to 'C:/1MYPROG\AutoName\test_images\Abigail by Boss 1.jpg'
2024-10-11 15:28:10,401 - INFO - Renamed 'C:/1MYPROG\AutoName\test_images\Charlie by Ross.gif' to 'C:/1MYPROG\AutoName\test_images\Charlie by Boss.gif'
2024-10-11 15:28:10,402 - INFO - Some files could not be renamed because no matching character names were found or an error occurred:

test_images by Boss 4 by Boss by Boss by Ross.jpg
test_images by Boss 5 by Boss by Boss by Ross.jpg
test_images by Boss 6 by Boss by Boss by Ross.jpg
test_images by Boss 7 by Boss by Boss by Ross.jpg
2024-10-12 01:53:56,171 - INFO - Loaded authors from authors.txt
2024-10-12 01:53:56,180 - INFO - Loaded last author from config: DIDNOTSAVEORLOAD
2024-10-12 01:54:06,164 - INFO - Double-clicked on directory: C:/2Scripts
2024-10-12 01:54:06,164 - INFO - Saved last author to config: Tross
2024-10-12 01:54:06,165 - INFO - Renaming images in C:/2Scripts by Tross
2024-10-12 01:54:07,126 - INFO - Renaming completed successfully.
2024-10-12 01:54:14,762 - INFO - Saved last author to config: Tross
2024-10-12 01:54:14,762 - INFO - Renaming images in C:/1MYPROG\AutoName\test_images by character names and Tross
2024-10-12 01:54:14,765 - INFO - Renamed 'C:/1MYPROG\AutoName\test_images\Abigail by Boss 1.jpg' to 'C:/1MYPROG\AutoName\test_images\Abigail by Tross.jpg'
2024-10-12 01:54:14,765 - INFO - Renamed 'C:/1MYPROG\AutoName\test_images\Abigail by Boss.jpg' to 'C:/1MYPROG\AutoName\test_images\Abigail by Tross 1.jpg'
2024-10-12 01:54:14,766 - INFO - Renamed 'C:/1MYPROG\AutoName\test_images\Charlie by Boss.gif' to 'C:/1MYPROG\AutoName\test_images\Charlie by Tross.gif'
2024-10-12 01:54:14,766 - INFO - Some files could not be renamed because no matching character names were found or an error occurred:

test_images by Boss 4 by Boss by Boss by Ross.jpg
test_images by Boss 5 by Boss by Boss by Ross.jpg
test_images by Boss 6 by Boss by Boss by Ross.jpg
test_images by Boss 7 by Boss by Boss by Ross.jpg
2024-10-12 01:54:38,075 - INFO - Restarting application.
2024-10-12 01:54:38,075 - INFO - Saved last author to config: Tross
2024-10-12 01:54:38,206 - INFO - Loaded authors from authors.txt
2024-10-12 01:54:38,213 - INFO - Loaded last author from config: Tross
2024-10-12 01:54:41,120 - INFO - Exiting application.
2024-10-12 01:54:41,121 - INFO - Saved last author to config: Tross
2024-10-12 01:54:54,903 - INFO - Loaded authors from authors.txt
2024-10-12 01:54:54,911 - INFO - Loaded last author from config: Tross
2024-10-12 01:55:01,122 - INFO - Loaded authors from authors.txt
2024-10-12 01:55:01,128 - INFO - Loaded last author from config: Tross
2024-10-12 21:49:27,671 - INFO - Data saved to data.json
2024-10-12 21:49:27,672 - INFO - Added new author: Ross
2024-10-12 21:49:27,672 - INFO - Saved last author to config: Ross
2024-10-12 21:49:36,668 - INFO - Saved last author to config: Ross
2024-10-12 21:49:36,668 - INFO - Renaming images in C:/1MYPROG\AutoName\test_images by Ross
2024-10-12 21:49:36,669 - INFO - Renamed 'C:/1MYPROG\AutoName\test_images\Abigail by Tross 1.jpg' to 'C:/1MYPROG\AutoName\test_images\Abigail by Tross 1 by Ross.jpg'
2024-10-12 21:49:36,670 - INFO - Renamed 'C:/1MYPROG\AutoName\test_images\Abigail by Tross.jpg' to 'C:/1MYPROG\AutoName\test_images\Abigail by Tross by Ross.jpg'
2024-10-12 21:49:36,670 - INFO - Renamed 'C:/1MYPROG\AutoName\test_images\Charlie by Tross.gif' to 'C:/1MYPROG\AutoName\test_images\Charlie by Tross by Ross.gif'
2024-10-12 21:49:36,670 - INFO - Skipping 'test_images by Boss 4 by Boss by Boss by Ross.jpg' as it already contains 'by Ross'
2024-10-12 21:49:36,671 - INFO - Skipping 'test_images by Boss 5 by Boss by Boss by Ross.jpg' as it already contains 'by Ross'
2024-10-12 21:49:36,671 - INFO - Skipping 'test_images by Boss 6 by Boss by Boss by Ross.jpg' as it already contains 'by Ross'
2024-10-12 21:49:36,671 - INFO - Skipping 'test_images by Boss 7 by Boss by Boss by Ross.jpg' as it already contains 'by Ross'
2024-10-12 21:49:38,669 - INFO - The following files were skipped as they already contain the author name:
test_images by Boss 4 by Boss by Boss by Ross.jpg
test_images by Boss 5 by Boss by Boss by Ross.jpg
test_images by Boss 6 by Boss by Boss by Ross.jpg
test_images by Boss 7 by Boss by Boss by Ross.jpg
2024-10-12 21:49:39,973 - INFO - Renaming completed successfully.
2024-10-12 21:50:15,944 - INFO - Saved last author to config: Ross
2024-10-12 21:50:15,944 - INFO - Renaming images in C:/1MYPROG\AutoName\test_images by character names and Ross
2024-10-12 21:50:15,945 - INFO - Renamed 'C:/1MYPROG\AutoName\test_images\Abigail by Tross 1 by Ross.jpg' to 'C:/1MYPROG\AutoName\test_images\Abigail by Ross.jpg'
2024-10-12 21:50:15,945 - INFO - Renamed 'C:/1MYPROG\AutoName\test_images\Abigail by Tross by Ross.jpg' to 'C:/1MYPROG\AutoName\test_images\Abigail by Ross 1.jpg'
2024-10-12 21:50:15,946 - INFO - Renamed 'C:/1MYPROG\AutoName\test_images\Charlie by Tross by Ross.gif' to 'C:/1MYPROG\AutoName\test_images\Charlie by Ross.gif'
2024-10-12 21:50:15,946 - INFO - Some files could not be renamed because no matching character names were found or an error occurred:

test_images by Boss 4 by Boss by Boss by Ross.jpg
test_images by Boss 5 by Boss by Boss by Ross.jpg
test_images by Boss 6 by Boss by Boss by Ross.jpg
test_images by Boss 7 by Boss by Boss by Ross.jpg
2024-10-12 21:50:53,891 - INFO - Restarting application.
2024-10-12 21:50:53,892 - INFO - Saved last author to config: Ross
2024-10-12 21:50:54,059 - INFO - Loaded last author from config: Ross
2024-10-12 21:50:55,248 - INFO - Exiting application via Exit button.
2024-10-12 21:50:55,249 - INFO - Saved last author to config: Ross
2024-10-12 21:50:58,167 - INFO - Loaded last author from config: Ross
2024-10-12 21:51:01,999 - INFO - Saved last author to config: Ross
2024-10-12 21:51:01,999 - INFO - Application is closing via window manager. Last author saved: 'Ross'
2024-10-12 21:51:01,999 - INFO - Polling loop callback canceled.
2024-10-12 21:51:01,999 - INFO - Application is closing.
2024-10-13 18:59:54,488 - INFO - Loaded last author from config: Ross
2024-10-13 19:00:01,134 - INFO - Data saved to data.json
2024-10-13 19:00:01,134 - INFO - Added new author: Boss1
2024-10-13 19:00:01,134 - INFO - Added new author: Boss1
2024-10-13 19:04:19,356 - INFO - Loaded last author from config: Ross
2024-10-13 19:04:26,578 - INFO - Data saved to data.json
2024-10-13 19:04:26,578 - INFO - Added new author: Boss2
2024-10-13 19:04:26,578 - INFO - Added new author: Boss2
2024-10-13 19:04:26,579 - INFO - Saved last author to config: Boss2
2024-10-13 19:04:31,262 - INFO - Saved last author to config: Boss2
2024-10-13 19:04:31,262 - INFO - Renaming images in C:/1MYPROG\AutoName\test_images by character names and Boss2
2024-10-13 19:04:31,263 - INFO - Renamed 'C:/1MYPROG\AutoName\test_images\Abigail by Ross 1.jpg' to 'C:/1MYPROG\AutoName\test_images\Abigail by Boss2.jpg'
2024-10-13 19:04:31,264 - INFO - Renamed 'C:/1MYPROG\AutoName\test_images\Abigail by Ross.jpg' to 'C:/1MYPROG\AutoName\test_images\Abigail by Boss2 1.jpg'
2024-10-13 19:04:31,264 - INFO - Renamed 'C:/1MYPROG\AutoName\test_images\Charlie by Ross.gif' to 'C:/1MYPROG\AutoName\test_images\Charlie by Boss2.gif'
2024-10-13 19:07:54,842 - INFO - Loaded last author from config: Boss2
2024-10-13 19:07:55,689 - INFO - Saved last author to config: Boss2
2024-10-13 19:07:55,689 - INFO - Application is closing via window manager. Last author saved: 'Boss2'
2024-10-13 19:07:55,689 - INFO - Polling loop callback canceled.
2024-10-13 19:07:55,689 - INFO - Application is closing.
2024-10-13 19:10:43,100 - INFO - Loaded last author from config: Boss2
2024-10-13 19:10:50,068 - INFO - Saved last author to config: Boss2
2024-10-13 19:10:50,068 - INFO - Renaming images in C:/1MYPROG\AutoName\test_images by character names and Boss2
2024-10-13 19:10:50,069 - INFO - Renamed 'C:/1MYPROG\AutoName\test_images\Abigail by Boss2 1.jpg' to 'C:/1MYPROG\AutoName\test_images\Abigail by Boss2 2.jpg'
2024-10-13 19:10:50,070 - INFO - Renamed 'C:/1MYPROG\AutoName\test_images\Abigail by Boss2.jpg' to 'C:/1MYPROG\AutoName\test_images\Abigail by Boss2 1.jpg'
2024-10-13 19:10:50,070 - INFO - Renamed 'C:/1MYPROG\AutoName\test_images\Charlie by Boss2.gif' to 'C:/1MYPROG\AutoName\test_images\Charlie by Boss2 1.gif'
2024-10-13 19:10:58,074 - INFO - Data saved to data.json
2024-10-13 19:10:58,074 - INFO - Renamed 'C:/1MYPROG\AutoName\test_images\test_images by Boss 4 by Boss by Boss by Ross.jpg' to 'C:/1MYPROG\AutoName\test_images\images by Boss2.jpg'
2024-10-13 19:10:58,075 - INFO - Renamed 'C:/1MYPROG\AutoName\test_images\test_images by Boss 5 by Boss by Boss by Ross.jpg' to 'C:/1MYPROG\AutoName\test_images\images by Boss2 1.jpg'
2024-10-13 19:10:58,075 - INFO - Renamed 'C:/1MYPROG\AutoName\test_images\test_images by Boss 6 by Boss by Boss by Ross.jpg' to 'C:/1MYPROG\AutoName\test_images\images by Boss2 2.jpg'
2024-10-13 19:10:58,076 - INFO - Renamed 'C:/1MYPROG\AutoName\test_images\test_images by Boss 7 by Boss by Boss by Ross.jpg' to 'C:/1MYPROG\AutoName\test_images\images by Boss2 3.jpg'
2024-10-13 19:10:58,076 - INFO - Renaming process completed.
2024-10-13 19:11:10,969 - INFO - Saved last author to config: Boss2
2024-10-13 19:11:10,969 - INFO - Application is closing via window manager. Last author saved: 'Boss2'
2024-10-13 19:11:10,969 - INFO - Polling loop callback canceled.
2024-10-13 19:11:10,969 - INFO - Application is closing.
2024-10-13 20:56:52,530 - INFO - Loaded last author from config: Boss2
2024-10-13 20:57:00,723 - INFO - Saved last author to config: Boss2
2024-10-13 20:57:00,723 - INFO - Renaming images in C:/1MYPROG\AutoName\test_images by character names and Boss2
2024-10-13 20:57:00,724 - INFO - Renamed 'C:/1MYPROG\AutoName\test_images\Abigail by Boss2 1.jpg' to 'C:/1MYPROG\AutoName\test_images\Abigail by Boss2.jpg'
2024-10-13 20:57:00,725 - INFO - Renamed 'C:/1MYPROG\AutoName\test_images\Abigail by Boss2 2.jpg' to 'C:/1MYPROG\AutoName\test_images\Abigail by Boss2 1.jpg'
2024-10-13 20:57:00,725 - INFO - Renamed 'C:/1MYPROG\AutoName\test_images\Charlie by Boss2 1.gif' to 'C:/1MYPROG\AutoName\test_images\Charlie by Boss2.gif'
2024-10-13 20:57:00,726 - INFO - Renamed 'C:/1MYPROG\AutoName\test_images\images by Boss2 1.jpg' to 'C:/1MYPROG\AutoName\test_images\images by Boss2 4.jpg'
2024-10-13 20:57:00,726 - INFO - Renamed 'C:/1MYPROG\AutoName\test_images\images by Boss2 2.jpg' to 'C:/1MYPROG\AutoName\test_images\images by Boss2 1.jpg'
2024-10-13 20:57:00,726 - INFO - Renamed 'C:/1MYPROG\AutoName\test_images\images by Boss2 3.jpg' to 'C:/1MYPROG\AutoName\test_images\images by Boss2 2.jpg'
2024-10-13 20:57:00,727 - INFO - Renamed 'C:/1MYPROG\AutoName\test_images\images by Boss2.jpg' to 'C:/1MYPROG\AutoName\test_images\images by Boss2 3.jpg'
2024-10-13 20:57:00,727 - INFO - Renaming process completed.
2024-10-13 20:57:10,816 - INFO - Data saved to data.json
2024-10-13 20:57:10,816 - INFO - Added new author: Boss3
2024-10-13 20:57:10,816 - INFO - Added new author: Boss3
2024-10-13 20:57:10,816 - INFO - Saved last author to config: Boss3
2024-10-13 20:57:12,716 - INFO - Saved last author to config: Boss3
2024-10-13 20:57:12,717 - INFO - Renaming images in C:/1MYPROG\AutoName\test_images by character names and Boss3
2024-10-13 20:57:12,717 - INFO - Renamed 'C:/1MYPROG\AutoName\test_images\Abigail by Boss2 1.jpg' to 'C:/1MYPROG\AutoName\test_images\Abigail by Boss3.jpg'
2024-10-13 20:57:12,718 - INFO - Renamed 'C:/1MYPROG\AutoName\test_images\Abigail by Boss2.jpg' to 'C:/1MYPROG\AutoName\test_images\Abigail by Boss3 1.jpg'
2024-10-13 20:57:12,718 - INFO - Renamed 'C:/1MYPROG\AutoName\test_images\Charlie by Boss2.gif' to 'C:/1MYPROG\AutoName\test_images\Charlie by Boss3.gif'
2024-10-13 20:57:12,719 - INFO - Renamed 'C:/1MYPROG\AutoName\test_images\images by Boss2 1.jpg' to 'C:/1MYPROG\AutoName\test_images\images by Boss3.jpg'
2024-10-13 20:57:12,719 - INFO - Renamed 'C:/1MYPROG\AutoName\test_images\images by Boss2 2.jpg' to 'C:/1MYPROG\AutoName\test_images\images by Boss3 1.jpg'
2024-10-13 20:57:12,720 - INFO - Renamed 'C:/1MYPROG\AutoName\test_images\images by Boss2 3.jpg' to 'C:/1MYPROG\AutoName\test_images\images by Boss3 2.jpg'
2024-10-13 20:57:12,720 - INFO - Renamed 'C:/1MYPROG\AutoName\test_images\images by Boss2 4.jpg' to 'C:/1MYPROG\AutoName\test_images\images by Boss3 3.jpg'
2024-10-13 20:57:12,720 - INFO - Renaming process completed.
2024-10-13 20:57:36,896 - INFO - Saved last author to config: Boss3
2024-10-13 20:57:36,896 - INFO - Renaming images in C:/1MYPROG\AutoName\test_images by character names and Boss3
2024-10-13 20:57:36,897 - INFO - Renamed 'C:/1MYPROG\AutoName\test_images\Abigail by Boss3 1.jpg' to 'C:/1MYPROG\AutoName\test_images\Abigail by Boss3 2.jpg'
2024-10-13 20:57:36,897 - INFO - Renamed 'C:/1MYPROG\AutoName\test_images\Abigail by Boss3.jpg' to 'C:/1MYPROG\AutoName\test_images\Abigail by Boss3 1.jpg'
2024-10-13 20:57:36,898 - INFO - Renamed 'C:/1MYPROG\AutoName\test_images\Charlie by Boss3.gif' to 'C:/1MYPROG\AutoName\test_images\Charlie by Boss3 1.gif'
2024-10-13 20:58:06,707 - INFO - Data saved to data.json
2024-10-13 20:58:06,707 - INFO - Added new character name: image
2024-10-13 20:58:06,707 - INFO - Renamed 'C:/1MYPROG\AutoName\test_images\image by Boss3 copy.jpg' to 'C:/1MYPROG\AutoName\test_images\image by Boss3.jpg'
2024-10-13 20:58:06,707 - INFO - Renamed 'C:/1MYPROG\AutoName\test_images\images by Boss3 1.jpg' to 'C:/1MYPROG\AutoName\test_images\images by Boss3 4.jpg'
2024-10-13 20:58:06,708 - INFO - Renamed 'C:/1MYPROG\AutoName\test_images\images by Boss3 2.jpg' to 'C:/1MYPROG\AutoName\test_images\images by Boss3 1.jpg'
2024-10-13 20:58:06,708 - INFO - Renamed 'C:/1MYPROG\AutoName\test_images\images by Boss3 3.jpg' to 'C:/1MYPROG\AutoName\test_images\images by Boss3 2.jpg'
2024-10-13 20:58:06,709 - INFO - Renamed 'C:/1MYPROG\AutoName\test_images\images by Boss3.jpg' to 'C:/1MYPROG\AutoName\test_images\images by Boss3 3.jpg'
2024-10-13 20:58:06,709 - INFO - Renaming process completed.
2024-10-13 20:58:23,987 - INFO - Restarting application.
2024-10-13 20:58:23,988 - INFO - Saved last author to config: Boss3
2024-10-13 20:58:24,168 - INFO - Loaded last author from config: Boss3
2024-10-13 20:58:25,553 - INFO - Exiting application via Exit button.
2024-10-13 20:58:25,554 - INFO - Saved last author to config: Boss3
2024-10-13 20:58:36,373 - INFO - Loaded last author from config: Boss3
2024-10-13 20:58:41,199 - INFO - Data saved to data.json
2024-10-13 20:58:41,199 - INFO - Added new author: Boss4
2024-10-13 20:58:41,199 - INFO - Added new author: Boss4
2024-10-13 20:58:41,200 - INFO - Saved last author to config: Boss4
2024-10-13 20:59:00,139 - INFO - Saved last author to config: Boss4
2024-10-13 20:59:00,139 - INFO - Renaming images in C:/1MYPROG\AutoName\test_images by character names and Boss4
2024-10-13 20:59:00,140 - INFO - Renamed 'C:/1MYPROG\AutoName\test_images\Abigail by Boss3 1.jpg' to 'C:/1MYPROG\AutoName\test_images\Abigail by Boss4.jpg'
2024-10-13 20:59:00,140 - INFO - Renamed 'C:/1MYPROG\AutoName\test_images\Abigail by Boss3 2.jpg' to 'C:/1MYPROG\AutoName\test_images\Abigail by Boss4 1.jpg'
2024-10-13 20:59:00,140 - INFO - Renamed 'C:/1MYPROG\AutoName\test_images\Charlie by Boss3 1.gif' to 'C:/1MYPROG\AutoName\test_images\Charlie by Boss4.gif'
2024-10-13 20:59:03,152 - INFO - Data saved to data.json
2024-10-13 20:59:03,152 - INFO - Added new character name: imag
2024-10-13 20:59:03,152 - INFO - Renamed 'C:/1MYPROG\AutoName\test_images\imag by Boss3 copy.jpg' to 'C:/1MYPROG\AutoName\test_images\imag by Boss4.jpg'
2024-10-13 20:59:03,153 - INFO - Renamed 'C:/1MYPROG\AutoName\test_images\image by Boss3.jpg' to 'C:/1MYPROG\AutoName\test_images\image by Boss4.jpg'
2024-10-13 20:59:03,153 - INFO - Renamed 'C:/1MYPROG\AutoName\test_images\images by Boss3 1.jpg' to 'C:/1MYPROG\AutoName\test_images\images by Boss4.jpg'
2024-10-13 20:59:03,154 - INFO - Renamed 'C:/1MYPROG\AutoName\test_images\images by Boss3 2.jpg' to 'C:/1MYPROG\AutoName\test_images\images by Boss4 1.jpg'
2024-10-13 20:59:03,154 - INFO - Renamed 'C:/1MYPROG\AutoName\test_images\images by Boss3 3.jpg' to 'C:/1MYPROG\AutoName\test_images\images by Boss4 2.jpg'
2024-10-13 20:59:03,154 - INFO - Renamed 'C:/1MYPROG\AutoName\test_images\images by Boss3 4.jpg' to 'C:/1MYPROG\AutoName\test_images\images by Boss4 3.jpg'
2024-10-13 20:59:03,154 - INFO - Renaming process completed.
2024-10-13 21:00:14,786 - INFO - Saved last author to config: Boss4
2024-10-13 21:00:14,786 - INFO - Application is closing via window manager. Last author saved: 'Boss4'
2024-10-13 21:00:14,786 - INFO - Polling loop callback canceled.
2024-10-13 21:00:14,786 - INFO - Application is closing.
2024-10-14 00:54:17,342 - INFO - Loaded last author from config: Boss4
2024-10-14 00:54:31,656 - INFO - No author name entered.
2024-10-14 00:54:34,018 - INFO - Data saved to data.json
2024-10-14 00:54:34,018 - INFO - Added new author: BossError
2024-10-14 00:54:34,018 - INFO - Added new author: BossError
2024-10-14 00:54:34,018 - INFO - Saved last author to config: BossError
2024-10-14 00:54:47,642 - INFO - Saved last author to config: BossError
2024-10-14 00:54:47,642 - INFO - Renaming images in C:/1MYPROG\AutoName\test_images by character names and BossError
2024-10-14 00:54:47,643 - INFO - Renamed 'C:/1MYPROG\AutoName\test_images\Abigail by Boss4 1.jpg' to 'C:/1MYPROG\AutoName\test_images\Abigail by BossError.jpg'
2024-10-14 00:54:47,644 - INFO - Renamed 'C:/1MYPROG\AutoName\test_images\Abigail by Boss4.jpg' to 'C:/1MYPROG\AutoName\test_images\Abigail by BossError 1.jpg'
2024-10-14 00:54:47,644 - INFO - Renamed 'C:/1MYPROG\AutoName\test_images\Charlie by Boss4.gif' to 'C:/1MYPROG\AutoName\test_images\Charlie by BossError.gif'
2024-10-14 00:54:47,645 - INFO - Renamed 'C:/1MYPROG\AutoName\test_images\imag by Boss4.jpg' to 'C:/1MYPROG\AutoName\test_images\imag by BossError.jpg'
2024-10-14 00:54:47,645 - INFO - Renamed 'C:/1MYPROG\AutoName\test_images\image by Boss4.jpg' to 'C:/1MYPROG\AutoName\test_images\image by BossError.jpg'
2024-10-14 00:54:47,646 - INFO - Renamed 'C:/1MYPROG\AutoName\test_images\images by Boss4 1.jpg' to 'C:/1MYPROG\AutoName\test_images\images by BossError.jpg'
2024-10-14 00:54:47,646 - INFO - Renamed 'C:/1MYPROG\AutoName\test_images\images by Boss4 2.jpg' to 'C:/1MYPROG\AutoName\test_images\images by BossError 1.jpg'
2024-10-14 00:54:47,647 - INFO - Renamed 'C:/1MYPROG\AutoName\test_images\images by Boss4 3.jpg' to 'C:/1MYPROG\AutoName\test_images\images by BossError 2.jpg'
2024-10-14 00:54:47,647 - INFO - Renamed 'C:/1MYPROG\AutoName\test_images\images by Boss4.jpg' to 'C:/1MYPROG\AutoName\test_images\images by BossError 3.jpg'
2024-10-14 00:54:47,647 - INFO - Renaming process completed.
2024-10-14 00:55:00,080 - INFO - Reverted 'C:/1MYPROG\AutoName\test_images\images by BossError 3.jpg' to 'C:/1MYPROG\AutoName\test_images\images by Boss4.jpg'
2024-10-14 00:55:00,082 - INFO - Reverted 'C:/1MYPROG\AutoName\test_images\images by BossError 2.jpg' to 'C:/1MYPROG\AutoName\test_images\images by Boss4 3.jpg'
2024-10-14 00:55:00,083 - INFO - Reverted 'C:/1MYPROG\AutoName\test_images\images by BossError 1.jpg' to 'C:/1MYPROG\AutoName\test_images\images by Boss4 2.jpg'
2024-10-14 00:55:00,083 - INFO - Reverted 'C:/1MYPROG\AutoName\test_images\images by BossError.jpg' to 'C:/1MYPROG\AutoName\test_images\images by Boss4 1.jpg'
2024-10-14 00:55:00,084 - INFO - Reverted 'C:/1MYPROG\AutoName\test_images\image by BossError.jpg' to 'C:/1MYPROG\AutoName\test_images\image by Boss4.jpg'
2024-10-14 00:55:00,084 - INFO - Reverted 'C:/1MYPROG\AutoName\test_images\imag by BossError.jpg' to 'C:/1MYPROG\AutoName\test_images\imag by Boss4.jpg'
2024-10-14 00:55:00,085 - INFO - Reverted 'C:/1MYPROG\AutoName\test_images\Charlie by BossError.gif' to 'C:/1MYPROG\AutoName\test_images\Charlie by Boss4.gif'
2024-10-14 00:55:00,085 - INFO - Reverted 'C:/1MYPROG\AutoName\test_images\Abigail by BossError 1.jpg' to 'C:/1MYPROG\AutoName\test_images\Abigail by Boss4.jpg'
2024-10-14 00:55:00,085 - INFO - Reverted 'C:/1MYPROG\AutoName\test_images\Abigail by BossError.jpg' to 'C:/1MYPROG\AutoName\test_images\Abigail by Boss4 1.jpg'
2024-10-14 00:55:05,956 - INFO - Saved last author to config: BossError
2024-10-14 00:55:05,957 - INFO - Renaming images in C:/1MYPROG\AutoName\test_images by character names and BossError
2024-10-14 00:55:05,957 - INFO - Renamed 'C:/1MYPROG\AutoName\test_images\Abigail by Boss4 1.jpg' to 'C:/1MYPROG\AutoName\test_images\Abigail by BossError.jpg'
2024-10-14 00:55:05,958 - INFO - Renamed 'C:/1MYPROG\AutoName\test_images\Abigail by Boss4.jpg' to 'C:/1MYPROG\AutoName\test_images\Abigail by BossError 1.jpg'
2024-10-14 00:55:05,958 - INFO - Renamed 'C:/1MYPROG\AutoName\test_images\Charlie by Boss4.gif' to 'C:/1MYPROG\AutoName\test_images\Charlie by BossError.gif'
2024-10-14 00:55:05,959 - INFO - Renamed 'C:/1MYPROG\AutoName\test_images\imag by Boss4.jpg' to 'C:/1MYPROG\AutoName\test_images\imag by BossError.jpg'
2024-10-14 00:55:05,959 - INFO - Renamed 'C:/1MYPROG\AutoName\test_images\image by Boss4.jpg' to 'C:/1MYPROG\AutoName\test_images\image by BossError.jpg'
2024-10-14 00:55:05,959 - INFO - Renamed 'C:/1MYPROG\AutoName\test_images\images by Boss4 1.jpg' to 'C:/1MYPROG\AutoName\test_images\images by BossError.jpg'
2024-10-14 00:55:05,960 - INFO - Renamed 'C:/1MYPROG\AutoName\test_images\images by Boss4 2.jpg' to 'C:/1MYPROG\AutoName\test_images\images by BossError 1.jpg'
2024-10-14 00:55:05,960 - INFO - Renamed 'C:/1MYPROG\AutoName\test_images\images by Boss4 3.jpg' to 'C:/1MYPROG\AutoName\test_images\images by BossError 2.jpg'
2024-10-14 00:55:05,961 - INFO - Renamed 'C:/1MYPROG\AutoName\test_images\images by Boss4.jpg' to 'C:/1MYPROG\AutoName\test_images\images by BossError 3.jpg'
2024-10-14 00:55:05,961 - INFO - Renaming process completed.
2024-10-14 00:55:08,222 - INFO - Saved last author to config: BossError
2024-10-14 00:55:55,586 - INFO - Saved last author to config: Author3
2024-10-14 00:55:55,586 - INFO - Renaming images in C:/1MYPROG\AutoName\test_images by character names and Author3
2024-10-14 00:55:55,587 - INFO - Renamed 'C:/1MYPROG\AutoName\test_images\Abigail by BossError 1.jpg' to 'C:/1MYPROG\AutoName\test_images\Abigail by Author3.jpg'
2024-10-14 00:55:55,587 - INFO - Renamed 'C:/1MYPROG\AutoName\test_images\Abigail by BossError.jpg' to 'C:/1MYPROG\AutoName\test_images\Abigail by Author3 1.jpg'
2024-10-14 00:55:55,588 - INFO - Renamed 'C:/1MYPROG\AutoName\test_images\Charlie by BossError.gif' to 'C:/1MYPROG\AutoName\test_images\Charlie by Author3.gif'
2024-10-14 00:55:55,588 - INFO - Renamed 'C:/1MYPROG\AutoName\test_images\imag by BossError.jpg' to 'C:/1MYPROG\AutoName\test_images\imag by Author3.jpg'
2024-10-14 00:55:55,589 - INFO - Renamed 'C:/1MYPROG\AutoName\test_images\image by BossError.jpg' to 'C:/1MYPROG\AutoName\test_images\image by Author3.jpg'
2024-10-14 00:55:55,589 - INFO - Renamed 'C:/1MYPROG\AutoName\test_images\images by BossError 1.jpg' to 'C:/1MYPROG\AutoName\test_images\images by Author3.jpg'
2024-10-14 00:55:55,590 - INFO - Renamed 'C:/1MYPROG\AutoName\test_images\images by BossError 2.jpg' to 'C:/1MYPROG\AutoName\test_images\images by Author3 1.jpg'
2024-10-14 00:55:55,590 - INFO - Renamed 'C:/1MYPROG\AutoName\test_images\images by BossError 3.jpg' to 'C:/1MYPROG\AutoName\test_images\images by Author3 2.jpg'
2024-10-14 00:55:55,590 - INFO - Renamed 'C:/1MYPROG\AutoName\test_images\images by BossError.jpg' to 'C:/1MYPROG\AutoName\test_images\images by Author3 3.jpg'
2024-10-14 00:55:55,591 - INFO - Renaming process completed.
2024-10-14 00:56:00,457 - INFO - Reverted 'C:/1MYPROG\AutoName\test_images\images by Author3 3.jpg' to 'C:/1MYPROG\AutoName\test_images\images by BossError.jpg'
2024-10-14 00:56:00,458 - INFO - Reverted 'C:/1MYPROG\AutoName\test_images\images by Author3 2.jpg' to 'C:/1MYPROG\AutoName\test_images\images by BossError 3.jpg'
2024-10-14 00:56:00,459 - INFO - Reverted 'C:/1MYPROG\AutoName\test_images\images by Author3 1.jpg' to 'C:/1MYPROG\AutoName\test_images\images by BossError 2.jpg'
2024-10-14 00:56:00,459 - INFO - Reverted 'C:/1MYPROG\AutoName\test_images\images by Author3.jpg' to 'C:/1MYPROG\AutoName\test_images\images by BossError 1.jpg'
2024-10-14 00:56:00,460 - INFO - Reverted 'C:/1MYPROG\AutoName\test_images\image by Author3.jpg' to 'C:/1MYPROG\AutoName\test_images\image by BossError.jpg'
2024-10-14 00:56:00,460 - INFO - Reverted 'C:/1MYPROG\AutoName\test_images\imag by Author3.jpg' to 'C:/1MYPROG\AutoName\test_images\imag by BossError.jpg'
2024-10-14 00:56:00,461 - INFO - Reverted 'C:/1MYPROG\AutoName\test_images\Charlie by Author3.gif' to 'C:/1MYPROG\AutoName\test_images\Charlie by BossError.gif'
2024-10-14 00:56:00,461 - INFO - Reverted 'C:/1MYPROG\AutoName\test_images\Abigail by Author3 1.jpg' to 'C:/1MYPROG\AutoName\test_images\Abigail by BossError.jpg'
2024-10-14 00:56:00,461 - INFO - Reverted 'C:/1MYPROG\AutoName\test_images\Abigail by Author3.jpg' to 'C:/1MYPROG\AutoName\test_images\Abigail by BossError 1.jpg'
2024-10-14 00:56:03,367 - INFO - Reverted 'C:/1MYPROG\AutoName\test_images\images by BossError 3.jpg' to 'C:/1MYPROG\AutoName\test_images\images by Boss4.jpg'
2024-10-14 00:56:03,368 - INFO - Reverted 'C:/1MYPROG\AutoName\test_images\images by BossError 2.jpg' to 'C:/1MYPROG\AutoName\test_images\images by Boss4 3.jpg'
2024-10-14 00:56:03,368 - INFO - Reverted 'C:/1MYPROG\AutoName\test_images\images by BossError 1.jpg' to 'C:/1MYPROG\AutoName\test_images\images by Boss4 2.jpg'
2024-10-14 00:56:03,369 - INFO - Reverted 'C:/1MYPROG\AutoName\test_images\images by BossError.jpg' to 'C:/1MYPROG\AutoName\test_images\images by Boss4 1.jpg'
2024-10-14 00:56:03,369 - INFO - Reverted 'C:/1MYPROG\AutoName\test_images\image by BossError.jpg' to 'C:/1MYPROG\AutoName\test_images\image by Boss4.jpg'
2024-10-14 00:56:03,369 - INFO - Reverted 'C:/1MYPROG\AutoName\test_images\imag by BossError.jpg' to 'C:/1MYPROG\AutoName\test_images\imag by Boss4.jpg'
2024-10-14 00:56:03,370 - INFO - Reverted 'C:/1MYPROG\AutoName\test_images\Charlie by BossError.gif' to 'C:/1MYPROG\AutoName\test_images\Charlie by Boss4.gif'
2024-10-14 00:56:03,370 - INFO - Reverted 'C:/1MYPROG\AutoName\test_images\Abigail by BossError 1.jpg' to 'C:/1MYPROG\AutoName\test_images\Abigail by Boss4.jpg'
2024-10-14 00:56:03,370 - INFO - Reverted 'C:/1MYPROG\AutoName\test_images\Abigail by BossError.jpg' to 'C:/1MYPROG\AutoName\test_images\Abigail by Boss4 1.jpg'
2024-10-14 00:56:22,027 - INFO - Saved last author to config: Author3
2024-10-14 00:56:22,027 - INFO - Application is closing via window manager. Last author saved: 'Author3'
2024-10-14 00:56:22,027 - INFO - Polling loop callback canceled.
2024-10-14 00:56:22,027 - INFO - Application is closing.
2024-10-14 00:59:27,369 - INFO - Loaded last author from config: Author3
2024-10-14 00:59:36,082 - INFO - Saved last author to config: Author3
2024-10-14 00:59:36,083 - INFO - Renaming images in C:/1MYPROG\AutoName\test_images by Author3
2024-10-14 00:59:36,084 - INFO - Renamed 'C:/1MYPROG\AutoName\test_images\Abigail by Boss4 1.jpg' to 'C:/1MYPROG\AutoName\test_images\Abigail by Boss4 1 by Author3.jpg'
2024-10-14 00:59:36,084 - INFO - Renamed 'C:/1MYPROG\AutoName\test_images\Abigail by Boss4.jpg' to 'C:/1MYPROG\AutoName\test_images\Abigail by Boss4 by Author3.jpg'
2024-10-14 00:59:36,084 - INFO - Renamed 'C:/1MYPROG\AutoName\test_images\Charlie by Boss4.gif' to 'C:/1MYPROG\AutoName\test_images\Charlie by Boss4 by Author3.gif'
2024-10-14 00:59:36,085 - INFO - Renamed 'C:/1MYPROG\AutoName\test_images\imag by Boss4.jpg' to 'C:/1MYPROG\AutoName\test_images\imag by Boss4 by Author3.jpg'
2024-10-14 00:59:36,085 - INFO - Renamed 'C:/1MYPROG\AutoName\test_images\image by Boss4.jpg' to 'C:/1MYPROG\AutoName\test_images\image by Boss4 by Author3.jpg'
2024-10-14 00:59:36,085 - INFO - Renamed 'C:/1MYPROG\AutoName\test_images\images by Boss4 1.jpg' to 'C:/1MYPROG\AutoName\test_images\images by Boss4 1 by Author3.jpg'
2024-10-14 00:59:36,086 - INFO - Renamed 'C:/1MYPROG\AutoName\test_images\images by Boss4 2.jpg' to 'C:/1MYPROG\AutoName\test_images\images by Boss4 2 by Author3.jpg'
2024-10-14 00:59:36,086 - INFO - Renamed 'C:/1MYPROG\AutoName\test_images\images by Boss4 3.jpg' to 'C:/1MYPROG\AutoName\test_images\images by Boss4 3 by Author3.jpg'
2024-10-14 00:59:36,086 - INFO - Renamed 'C:/1MYPROG\AutoName\test_images\images by Boss4.jpg' to 'C:/1MYPROG\AutoName\test_images\images by Boss4 by Author3.jpg'
2024-10-14 00:59:37,433 - INFO - Renaming completed successfully.
2024-10-14 00:59:51,044 - INFO - Saved last author to config: Author3
2024-10-14 00:59:51,044 - INFO - Renaming images in C:/1MYPROG\AutoName\test_images by character names and Author3
2024-10-14 00:59:51,045 - INFO - Renamed 'C:/1MYPROG\AutoName\test_images\Abigail by Boss4 1 by Author3.jpg' to 'C:/1MYPROG\AutoName\test_images\Abigail by Author3.jpg'
2024-10-14 00:59:51,045 - INFO - Renamed 'C:/1MYPROG\AutoName\test_images\Abigail by Boss4 by Author3.jpg' to 'C:/1MYPROG\AutoName\test_images\Abigail by Author3 1.jpg'
2024-10-14 00:59:51,046 - INFO - Renamed 'C:/1MYPROG\AutoName\test_images\Charlie by Boss4 by Author3.gif' to 'C:/1MYPROG\AutoName\test_images\Charlie by Author3.gif'
2024-10-14 00:59:51,046 - INFO - Renamed 'C:/1MYPROG\AutoName\test_images\imag by Boss4 by Author3.jpg' to 'C:/1MYPROG\AutoName\test_images\imag by Author3.jpg'
2024-10-14 00:59:51,047 - INFO - Renamed 'C:/1MYPROG\AutoName\test_images\image by Boss4 by Author3.jpg' to 'C:/1MYPROG\AutoName\test_images\image by Author3.jpg'
2024-10-14 00:59:51,047 - INFO - Renamed 'C:/1MYPROG\AutoName\test_images\images by Boss4 1 by Author3.jpg' to 'C:/1MYPROG\AutoName\test_images\images by Author3.jpg'
2024-10-14 00:59:51,048 - INFO - Renamed 'C:/1MYPROG\AutoName\test_images\images by Boss4 2 by Author3.jpg' to 'C:/1MYPROG\AutoName\test_images\images by Author3 1.jpg'
2024-10-14 00:59:51,048 - INFO - Renamed 'C:/1MYPROG\AutoName\test_images\images by Boss4 3 by Author3.jpg' to 'C:/1MYPROG\AutoName\test_images\images by Author3 2.jpg'
2024-10-14 00:59:51,049 - INFO - Renamed 'C:/1MYPROG\AutoName\test_images\images by Boss4 by Author3.jpg' to 'C:/1MYPROG\AutoName\test_images\images by Author3 3.jpg'
2024-10-14 00:59:51,049 - INFO - Renaming process completed.
2024-10-14 00:59:58,888 - INFO - Reverted 'C:/1MYPROG\AutoName\test_images\images by Author3 3.jpg' to 'C:/1MYPROG\AutoName\test_images\images by Boss4 by Author3.jpg'
2024-10-14 00:59:58,888 - INFO - Reverted 'C:/1MYPROG\AutoName\test_images\images by Author3 2.jpg' to 'C:/1MYPROG\AutoName\test_images\images by Boss4 3 by Author3.jpg'
2024-10-14 00:59:58,889 - INFO - Reverted 'C:/1MYPROG\AutoName\test_images\images by Author3 1.jpg' to 'C:/1MYPROG\AutoName\test_images\images by Boss4 2 by Author3.jpg'
2024-10-14 00:59:58,890 - INFO - Reverted 'C:/1MYPROG\AutoName\test_images\images by Author3.jpg' to 'C:/1MYPROG\AutoName\test_images\images by Boss4 1 by Author3.jpg'
2024-10-14 00:59:58,890 - INFO - Reverted 'C:/1MYPROG\AutoName\test_images\image by Author3.jpg' to 'C:/1MYPROG\AutoName\test_images\image by Boss4 by Author3.jpg'
2024-10-14 00:59:58,890 - INFO - Reverted 'C:/1MYPROG\AutoName\test_images\imag by Author3.jpg' to 'C:/1MYPROG\AutoName\test_images\imag by Boss4 by Author3.jpg'
2024-10-14 00:59:58,891 - INFO - Reverted 'C:/1MYPROG\AutoName\test_images\Charlie by Author3.gif' to 'C:/1MYPROG\AutoName\test_images\Charlie by Boss4 by Author3.gif'
2024-10-14 00:59:58,891 - INFO - Reverted 'C:/1MYPROG\AutoName\test_images\Abigail by Author3 1.jpg' to 'C:/1MYPROG\AutoName\test_images\Abigail by Boss4 by Author3.jpg'
2024-10-14 00:59:58,892 - INFO - Reverted 'C:/1MYPROG\AutoName\test_images\Abigail by Author3.jpg' to 'C:/1MYPROG\AutoName\test_images\Abigail by Boss4 1 by Author3.jpg'
2024-10-14 01:00:00,875 - INFO - Saved last author to config: Author3
2024-10-14 01:00:00,875 - INFO - Application is closing via window manager. Last author saved: 'Author3'
2024-10-14 01:00:00,875 - INFO - Polling loop callback canceled.
2024-10-14 01:00:00,876 - INFO - Application is closing.
2024-10-14 13:56:06,941 - INFO - Loaded last author from config: Author3
2024-10-14 13:56:23,928 - INFO - Data saved to data.json
2024-10-14 13:56:23,928 - INFO - Deleted author: Author3
2024-10-14 13:56:27,975 - INFO - Data saved to data.json
2024-10-14 13:56:27,976 - INFO - Deleted author: Author2
2024-10-14 13:56:30,264 - INFO - Data saved to data.json
2024-10-14 13:56:30,265 - INFO - Deleted author: Author1
2024-10-14 13:56:33,188 - INFO - Data saved to data.json
2024-10-14 13:56:33,188 - INFO - Deleted author: BossError
2024-10-14 13:56:36,022 - INFO - Data saved to data.json
2024-10-14 13:56:36,022 - INFO - Deleted author: Boss4
2024-10-14 13:56:40,154 - INFO - Data saved to data.json
2024-10-14 13:56:40,154 - INFO - Deleted author: Boss2
2024-10-14 13:56:42,613 - INFO - Data saved to data.json
2024-10-14 13:56:42,614 - INFO - Deleted author: Boss3
2024-10-14 13:56:45,690 - INFO - Data saved to data.json
2024-10-14 13:56:45,691 - INFO - Deleted author: Boss1
2024-10-14 13:56:49,702 - INFO - Data saved to data.json
2024-10-14 13:56:49,702 - INFO - Added new author: Boss
2024-10-14 13:56:49,702 - INFO - Added new author: Boss
2024-10-14 13:56:49,702 - INFO - Saved last author to config: Boss
2024-10-14 13:57:06,227 - INFO - Saved last author to config: Boss
2024-10-14 13:57:06,227 - INFO - Application is closing via window manager. Last author saved: 'Boss'
2024-10-14 13:57:06,227 - INFO - Polling loop callback canceled.
2024-10-14 13:57:06,227 - INFO - Application is closing.
2024-10-14 13:59:00,888 - INFO - Loaded last author from config: Boss
2024-10-14 13:59:15,200 - INFO - Saved last author to config: Boss
2024-10-14 13:59:15,200 - INFO - Application is closing via window manager. Last author saved: 'Boss'
2024-10-14 13:59:15,200 - INFO - Polling loop callback canceled.
2024-10-14 13:59:15,200 - INFO - Application is closing.
2024-10-14 14:00:00,552 - INFO - Loaded last author from config: Boss
2024-10-14 14:00:04,544 - INFO - Data saved to data.json
2024-10-14 14:00:04,544 - INFO - Deleted character name: imag
2024-10-14 14:00:09,627 - INFO - Data saved to data.json
2024-10-14 14:00:09,627 - INFO - Deleted character name: images
2024-10-14 14:00:13,565 - INFO - Data saved to data.json
2024-10-14 14:00:13,565 - INFO - Deleted character name: image
2024-10-14 14:00:19,379 - INFO - Restarting application.
2024-10-14 14:00:19,379 - INFO - Saved last author to config: Boss
2024-10-14 14:00:19,539 - INFO - Loaded last author from config: Boss
2024-10-14 14:00:48,922 - INFO - Saved last author to config: Boss
2024-10-14 14:00:48,922 - INFO - Application is closing via window manager. Last author saved: 'Boss'
2024-10-14 14:00:48,922 - INFO - Polling loop callback canceled.
2024-10-14 14:00:48,922 - INFO - Application is closing.
2024-10-14 14:06:56,713 - INFO - Loaded last author from config: Boss
2024-10-14 14:07:06,718 - INFO - Data saved to data.json
2024-10-14 14:07:06,718 - INFO - Added new author: NewAuthor
2024-10-14 14:07:06,718 - INFO - Added new author: NewAuthor
2024-10-14 14:07:06,719 - INFO - Saved last author to config: NewAuthor
2024-10-14 14:07:10,856 - INFO - Data saved to data.json
2024-10-14 14:07:10,856 - INFO - Deleted author: NewAuthor
2024-10-14 14:07:16,865 - INFO - Saved last author to config: NewAuthor
2024-10-14 14:07:16,865 - INFO - Application is closing via window manager. Last author saved: 'NewAuthor'
2024-10-14 14:07:16,865 - INFO - Polling loop callback canceled.
2024-10-14 14:07:16,865 - INFO - Application is closing.
2024-10-14 14:07:50,015 - INFO - Data saved to data.json
2024-10-14 14:07:50,015 - INFO - Loaded last author from config: NewAuthor
2024-10-14 14:07:53,504 - INFO - Data saved to data.json
2024-10-14 14:07:53,505 - INFO - Deleted author: NewAuthor
2024-10-14 14:19:02,631 - INFO - Saved last author to config: Ross
2024-10-14 14:19:02,631 - INFO - Application is closing via window manager. Last author saved: 'Ross'
2024-10-14 14:19:02,632 - INFO - Polling loop callback canceled.
2024-10-14 14:19:02,632 - INFO - Application is closing.
2024-10-14 14:21:27,711 - INFO - Loaded last author from config: Ross
2024-10-14 14:21:43,255 - INFO - Data saved to data.json
2024-10-14 14:21:43,255 - INFO - Added new author: 1A
2024-10-14 14:21:43,255 - INFO - Added new author: 1A
2024-10-14 14:21:43,255 - INFO - Saved last author to config: 1A
2024-10-14 14:21:45,864 - INFO - Data saved to data.json
2024-10-14 14:21:45,864 - INFO - Deleted author: 1A
2024-10-14 14:21:52,497 - INFO - Data saved to data.json
2024-10-14 14:21:52,497 - INFO - Added new author: A1
2024-10-14 14:21:52,497 - INFO - Added new author: A1
2024-10-14 14:21:52,497 - INFO - Saved last author to config: A1
2024-10-14 14:22:01,351 - INFO - Data saved to data.json
2024-10-14 14:22:01,351 - INFO - Deleted author: A1
2024-10-14 14:22:07,654 - INFO - Data saved to data.json
2024-10-14 14:22:07,654 - INFO - Added new author: A2
2024-10-14 14:22:07,654 - INFO - Added new author: A2
2024-10-14 14:22:07,654 - INFO - Saved last author to config: A2
2024-10-14 14:22:22,083 - INFO - Saved last author to config: A2
2024-10-14 14:22:22,083 - INFO - Application is closing via window manager. Last author saved: 'A2'
2024-10-14 14:22:22,083 - INFO - Polling loop callback canceled.
2024-10-14 14:22:22,083 - INFO - Application is closing.
2024-10-14 14:30:28,696 - INFO - Loaded last author from config: A2
2024-10-14 14:30:35,058 - INFO - Saved last author to config: A2
2024-10-14 14:30:35,059 - INFO - Application is closing via window manager. Last author saved: 'A2'
2024-10-14 14:30:35,059 - INFO - Polling loop callback canceled.
2024-10-14 14:30:35,059 - INFO - Application is closing.
2024-10-14 14:32:04,789 - INFO - Loaded last author from config: A2
2024-10-14 14:32:28,445 - INFO - Saved last author to config: A2
2024-10-14 14:32:28,445 - INFO - Application is closing via window manager. Last author saved: 'A2'
2024-10-14 14:32:28,445 - INFO - Polling loop callback canceled.
2024-10-14 14:32:28,445 - INFO - Application is closing.
2024-10-14 14:33:10,084 - INFO - Loaded last author from config: A2
2024-10-14 14:33:13,079 - INFO - Saved last author to config: A2
2024-10-14 14:33:13,079 - INFO - Application is closing via window manager. Last author saved: 'A2'
2024-10-14 14:33:13,079 - INFO - Polling loop callback canceled.
2024-10-14 14:33:13,079 - INFO - Application is closing.
2024-10-14 14:33:44,536 - INFO - Loaded last author from config: A2
2024-10-14 14:33:56,197 - INFO - Data saved to data.json
2024-10-14 14:33:56,197 - INFO - Added new character name: 3A
2024-10-14 14:33:56,198 - INFO - Added character name: 3A
2024-10-14 14:34:07,199 - INFO - Data saved to data.json
2024-10-14 14:34:07,199 - INFO - Deleted character name: 3A
2024-10-14 14:34:08,776 - INFO - Data saved to data.json
2024-10-14 14:34:08,776 - INFO - Restored character name: 3A
2024-10-14 14:34:11,977 - INFO - Saved last author to config: A2
2024-10-14 14:34:11,977 - INFO - Application is closing via window manager. Last author saved: 'A2'
2024-10-14 14:34:11,977 - INFO - Polling loop callback canceled.
2024-10-14 14:34:11,977 - INFO - Application is closing.
2024-10-14 14:35:07,471 - INFO - Loaded last author from config: A2
2024-10-14 14:35:13,449 - INFO - Data saved to data.json
2024-10-14 14:35:13,449 - INFO - Deleted character name: 3A
2024-10-14 14:35:20,673 - INFO - Data saved to data.json
2024-10-14 14:35:20,673 - INFO - Deleted author: A2
2024-10-14 14:35:24,235 - INFO - Data saved to data.json
2024-10-14 14:35:24,235 - INFO - Restored author: A2
2024-10-14 14:35:39,272 - INFO - Saved last author to config: A2
2024-10-14 14:35:39,272 - INFO - Application is closing via window manager. Last author saved: 'A2'
2024-10-14 14:35:39,272 - INFO - Polling loop callback canceled.
2024-10-14 14:35:39,272 - INFO - Application is closing.
2024-10-14 14:37:50,131 - INFO - Loaded last author from config: A2
2024-10-14 14:38:02,292 - INFO - Data saved to data.json
2024-10-14 14:38:02,292 - INFO - Deleted author: A2
2024-10-14 14:38:13,464 - INFO - Data saved to data.json
2024-10-14 14:38:13,464 - INFO - Added author: A3
2024-10-14 14:38:15,798 - INFO - Restarting application.
2024-10-14 14:38:15,800 - INFO - Saved last author to config: Ross
2024-10-14 14:38:15,951 - INFO - Loaded last author from config: Ross
2024-10-14 14:39:20,476 - INFO - Loaded last author from config: Ross
2024-10-14 14:47:29,974 - INFO - Data saved to data.json
2024-10-14 14:47:29,974 - INFO - Deleted author: A3
2024-10-14 14:47:32,569 - INFO - Data saved to data.json
2024-10-14 14:47:32,569 - INFO - Restored author: A3
2024-10-14 14:47:36,003 - INFO - Saved last author to config: A3
2024-10-14 14:47:36,004 - INFO - Application is closing via window manager. Last author saved: 'A3'
2024-10-14 14:47:36,004 - INFO - Polling loop callback canceled.
2024-10-14 14:47:36,004 - INFO - Application is closing.
